<?xml version="1.0" encoding="UTF-8"?>
<testsuite name="ClientTest" tests="7" skipped="0" failures="0" errors="0" timestamp="2015-08-28T19:21:51" hostname="Jen-Quiross-MacBook-Pro.local" time="3.494">
  <properties/>
  <testcase name="find_findsClientInDatabase_true" classname="ClientTest" time="2.681"/>
  <testcase name="save_savesStylistIdIntoDB_true" classname="ClientTest" time="0.151"/>
  <testcase name="save_returnsTrueIfClientNamesAretheSame" classname="ClientTest" time="0.181"/>
  <testcase name="equals_returnsTrueIfClientNamesAretheSame" classname="ClientTest" time="0.018"/>
  <testcase name="all_emptyAtFirst" classname="ClientTest" time="0.092"/>
  <testcase name="all_savesIntoDatabase_true" classname="ClientTest" time="0.258"/>
  <testcase name="save_assignsIdToObject" classname="ClientTest" time="0.105"/>
  <system-out><![CDATA[1
1
1
1
]]></system-out>
  <system-err><![CDATA[]]></system-err>
</testsuite>
