<?xml version="1.0" encoding="UTF-8"?>
<testsuite name="ClientTest" tests="9" skipped="0" failures="0" errors="0" timestamp="2015-08-29T20:51:14" hostname="Jen-Quiross-MacBook-Pro.local" time="0.473">
  <properties/>
  <testcase name="find_findsClientInDatabase_true" classname="ClientTest" time="0.055"/>
  <testcase name="save_savesStylistIdIntoDB_true" classname="ClientTest" time="0.066"/>
  <testcase name="save_returnsTrueIfClientNamesAretheSame" classname="ClientTest" time="0.048"/>
  <testcase name="equals_returnsTrueIfClientNamesAretheSame" classname="ClientTest" time="0.021"/>
  <testcase name="delete_deleteClientInDB_true" classname="ClientTest" time="0.068"/>
  <testcase name="update_updatesClientInDB" classname="ClientTest" time="0.067"/>
  <testcase name="all_emptyAtFirst" classname="ClientTest" time="0.032"/>
  <testcase name="all_savesIntoDatabase_true" classname="ClientTest" time="0.059"/>
  <testcase name="save_assignsIdToObject" classname="ClientTest" time="0.053"/>
  <system-out><![CDATA[1
1
1
1
]]></system-out>
  <system-err><![CDATA[]]></system-err>
</testsuite>
