<?xml version="1.0" encoding="UTF-8"?>
<testsuite name="StylistTest" tests="7" skipped="0" failures="0" errors="0" timestamp="2015-08-29T20:51:15" hostname="Jen-Quiross-MacBook-Pro.local" time="0.353">
  <properties/>
  <testcase name="update_updateStylistInDatabase" classname="StylistTest" time="0.072"/>
  <testcase name="equals_returnsTrueIfNamesAretheSame" classname="StylistTest" time="0.016"/>
  <testcase name="delete_deleteStylist_true" classname="StylistTest" time="0.046"/>
  <testcase name="all_emptyAtFirst" classname="StylistTest" time="0.032"/>
  <testcase name="find_findStylistInDatabase_true" classname="StylistTest" time="0.051"/>
  <testcase name="getClients_retrievesAllClientsFromDatabase_clientsList" classname="StylistTest" time="0.078"/>
  <testcase name="save_savesIntoDatabase_true" classname="StylistTest" time="0.053"/>
  <system-out><![CDATA[221
221
221
221
221
221
]]></system-out>
  <system-err><![CDATA[]]></system-err>
</testsuite>
